[CAPI][INFO] Loading configuration file '/etc/commonapi.ini'
[CAPI][INFO] Using default binding 'someip'
[CAPI][INFO] Using default shared library folder '/usr/local/lib/commonapi'
[CAPI][DEBUG] Added address mapping: local:commonapi.SpeedStatus:v1_0:commonapi.Speed <--> [1238.5679(1.0)]
[CAPI][INFO] Registering function for creating "commonapi.SpeedStatus:v1_0" stub adapter.
[CAPI][DEBUG] Loading library for local:commonapi.SpeedStatus:v1_0:commonapi.Speed stub.
[CAPI][DEBUG] Loading interface library "libSpeedServer-someip.so" failed (libSpeedServer-someip.so: cannot open shared object file: No such file or directory)
[CAPI][INFO] Registering stub for "local:commonapi.SpeedStatus:v1_0:commonapi.Speed"
[CAPI][INFO] Loading configuration file '/etc/commonapi.ini'
[CAPI][INFO] Using default binding 'someip'
[CAPI][INFO] Using default shared library folder '/usr/local/lib/commonapi'
[CAPI][DEBUG] Added address mapping: local:commonapi.SpeedStatus:v1_0:commonapi.Speed <--> [1238.5679(1.0)]
[CAPI][INFO] Registering function for creating "commonapi.SpeedStatus:v1_0" stub adapter.
[CAPI][DEBUG] Loading library for local:commonapi.SpeedStatus:v1_0:commonapi.Speed stub.
[CAPI][DEBUG] Loading interface library "libSpeedServer-someip.so" failed (libSpeedServer-someip.so: cannot open shared object file: No such file or directory)
[CAPI][INFO] Registering stub for "local:commonapi.SpeedStatus:v1_0:commonapi.Speed"
[CAPI][INFO] Loading configuration file '/etc/commonapi.ini'
[CAPI][INFO] Using default binding 'someip'
[CAPI][INFO] Using default shared library folder '/usr/local/lib/commonapi'
[CAPI][DEBUG] Added address mapping: local:commonapi.SpeedStatus:v1_0:commonapi.Speed <--> [1238.5679(1.0)]
[CAPI][INFO] Registering function for creating "commonapi.SpeedStatus:v1_0" stub adapter.
[CAPI][DEBUG] Loading library for local:commonapi.SpeedStatus:v1_0:commonapi.Speed stub.
[CAPI][DEBUG] Loading interface library "libSpeedServer-someip.so" failed (libSpeedServer-someip.so: cannot open shared object file: No such file or directory)
[CAPI][INFO] Registering stub for "local:commonapi.SpeedStatus:v1_0:commonapi.Speed"
[CAPI][INFO] Loading configuration file '/etc/commonapi.ini'
[CAPI][INFO] Using default binding 'someip'
[CAPI][INFO] Using default shared library folder '/usr/local/lib/commonapi'
[CAPI][DEBUG] Added address mapping: local:commonapi.SpeedStatus:v1_0:commonapi.Speed <--> [1238.5679(1.0)]
[CAPI][INFO] Registering function for creating "commonapi.SpeedStatus:v1_0" stub adapter.
[CAPI][DEBUG] Loading library for local:commonapi.SpeedStatus:v1_0:commonapi.Speed stub.
[CAPI][DEBUG] Loading interface library "libSpeedServer-someip.so" failed (libSpeedServer-someip.so: cannot open shared object file: No such file or directory)
[CAPI][INFO] Registering stub for "local:commonapi.SpeedStatus:v1_0:commonapi.Speed"
[CAPI][INFO] Loading configuration file '/etc/commonapi.ini'
[CAPI][INFO] Using default binding 'someip'
[CAPI][INFO] Using default shared library folder '/usr/local/lib/commonapi'
[CAPI][DEBUG] Added address mapping: local:commonapi.SpeedStatus:v1_0:commonapi.Speed <--> [1238.5679(1.0)]
[CAPI][INFO] Registering function for creating "commonapi.SpeedStatus:v1_0" stub adapter.
[CAPI][DEBUG] Loading library for local:commonapi.SpeedStatus:v1_0:commonapi.Speed stub.
[CAPI][DEBUG] Loading interface library "libSpeedServer-someip.so" failed (libSpeedServer-someip.so: cannot open shared object file: No such file or directory)
[CAPI][INFO] Registering stub for "local:commonapi.SpeedStatus:v1_0:commonapi.Speed"
[CAPI][INFO] Loading configuration file '/etc/commonapi.ini'
[CAPI][INFO] Using default binding 'someip'
[CAPI][INFO] Using default shared library folder '/usr/local/lib/commonapi'
[CAPI][DEBUG] Added address mapping: local:commonapi.SpeedStatus:v1_0:commonapi.Speed <--> [1238.5679(1.0)]
[CAPI][INFO] Registering function for creating "commonapi.SpeedStatus:v1_0" stub adapter.
[CAPI][DEBUG] Loading library for local:commonapi.SpeedStatus:v1_0:commonapi.Speed stub.
[CAPI][DEBUG] Loading interface library "libSpeedServer-someip.so" failed (libSpeedServer-someip.so: cannot open shared object file: No such file or directory)
[CAPI][INFO] Registering stub for "local:commonapi.SpeedStatus:v1_0:commonapi.Speed"
[CAPI][INFO] Loading configuration file '/etc/commonapi.ini'
[CAPI][INFO] Using default binding 'someip'
[CAPI][INFO] Using default shared library folder '/usr/local/lib/commonapi'
[CAPI][DEBUG] Added address mapping: local:commonapi.SpeedStatus:v1_0:commonapi.Speed <--> [1238.5679(1.0)]
[CAPI][INFO] Registering function for creating "commonapi.SpeedStatus:v1_0" stub adapter.
[CAPI][DEBUG] Loading library for local:commonapi.SpeedStatus:v1_0:commonapi.Speed stub.
[CAPI][DEBUG] Loading interface library "libSpeedServer-someip.so" failed (libSpeedServer-someip.so: cannot open shared object file: No such file or directory)
[CAPI][INFO] Registering stub for "local:commonapi.SpeedStatus:v1_0:commonapi.Speed"
[CAPI][INFO] Loading configuration file '/etc/commonapi.ini'
[CAPI][INFO] Using default binding 'someip'
[CAPI][INFO] Using default shared library folder '/usr/local/lib/commonapi'
[CAPI][DEBUG] Added address mapping: local:commonapi.SpeedStatus:v1_0:commonapi.Speed <--> [1238.5679(1.0)]
[CAPI][INFO] Registering function for creating "commonapi.SpeedStatus:v1_0" stub adapter.
[CAPI][DEBUG] Loading library for local:commonapi.SpeedStatus:v1_0:commonapi.Speed stub.
[CAPI][DEBUG] Loading interface library "libSpeedServer-someip.so" failed (libSpeedServer-someip.so: cannot open shared object file: No such file or directory)
[CAPI][INFO] Registering stub for "local:commonapi.SpeedStatus:v1_0:commonapi.Speed"
[CAPI][INFO] Loading configuration file '/etc/commonapi.ini'
[CAPI][INFO] Using default binding 'someip'
[CAPI][INFO] Using default shared library folder '/usr/local/lib/commonapi'
[CAPI][DEBUG] Added address mapping: local:commonapi.SpeedStatus:v1_0:commonapi.Speed <--> [1238.5679(1.0)]
[CAPI][INFO] Registering function for creating "commonapi.SpeedStatus:v1_0" stub adapter.
[CAPI][DEBUG] Loading library for local:commonapi.SpeedStatus:v1_0:commonapi.Speed stub.
[CAPI][DEBUG] Loading interface library "libSpeedServer-someip.so" failed (libSpeedServer-someip.so: cannot open shared object file: No such file or directory)
[CAPI][INFO] Registering stub for "local:commonapi.SpeedStatus:v1_0:commonapi.Speed"
[CAPI][INFO] Loading configuration file '/etc/commonapi.ini'
[CAPI][INFO] Using default binding 'someip'
[CAPI][INFO] Using default shared library folder '/usr/local/lib/commonapi'
[CAPI][DEBUG] Added address mapping: local:commonapi.SpeedStatus:v1_0:commonapi.Speed <--> [1238.5679(1.0)]
[CAPI][INFO] Registering function for creating "commonapi.SpeedStatus:v1_0" stub adapter.
[CAPI][DEBUG] Loading library for local:commonapi.SpeedStatus:v1_0:commonapi.Speed stub.
[CAPI][DEBUG] Loading interface library "libSpeedServer-someip.so" failed (libSpeedServer-someip.so: cannot open shared object file: No such file or directory)
[CAPI][INFO] Registering stub for "local:commonapi.SpeedStatus:v1_0:commonapi.Speed"
[CAPI][INFO] Loading configuration file '/etc/commonapi.ini'
[CAPI][INFO] Using default binding 'someip'
[CAPI][INFO] Using default shared library folder '/usr/local/lib/commonapi'
[CAPI][DEBUG] Added address mapping: local:commonapi.SpeedStatus:v1_0:commonapi.Speed <--> [1238.5679(1.0)]
[CAPI][INFO] Registering function for creating "commonapi.SpeedStatus:v1_0" stub adapter.
[CAPI][DEBUG] Loading library for local:commonapi.SpeedStatus:v1_0:commonapi.Speed stub.
[CAPI][DEBUG] Loading interface library "libSpeedServer-someip.so" failed (libSpeedServer-someip.so: cannot open shared object file: No such file or directory)
[CAPI][INFO] Registering stub for "local:commonapi.SpeedStatus:v1_0:commonapi.Speed"
[CAPI][INFO] Loading configuration file '/etc/commonapi.ini'
[CAPI][INFO] Using default binding 'someip'
[CAPI][INFO] Using default shared library folder '/usr/local/lib/commonapi'
[CAPI][DEBUG] Added address mapping: local:commonapi.SpeedStatus:v1_0:commonapi.Speed <--> [1238.5679(1.0)]
[CAPI][INFO] Registering function for creating "commonapi.SpeedStatus:v1_0" stub adapter.
[CAPI][DEBUG] Loading library for local:commonapi.SpeedStatus:v1_0:commonapi.Speed stub.
[CAPI][DEBUG] Loading interface library "libSpeedServer-someip.so" failed (libSpeedServer-someip.so: cannot open shared object file: No such file or directory)
[CAPI][INFO] Registering stub for "local:commonapi.SpeedStatus:v1_0:commonapi.Speed"
